Performing C SOURCE FILE Test CMAKE_HAVE_LIBC_PTHREAD failed with the following output:
Change Dir: /home/jonas/Desktop/AbyssEngine/example/target/debug/build/glfw-sys-dfcfc8d7566af82d/out/build/CMakeFiles/CMakeTmp

Run Build Command(s):/usr/bin/make cmTC_a68e9/fast && /usr/bin/make -f CMakeFiles/cmTC_a68e9.dir/build.make CMakeFiles/cmTC_a68e9.dir/build
make[1]: Entering directory '/home/jonas/Desktop/AbyssEngine/example/target/debug/build/glfw-sys-dfcfc8d7566af82d/out/build/CMakeFiles/CMakeTmp'
Building C object CMakeFiles/cmTC_a68e9.dir/src.c.o
/usr/bin/cc   -ffunction-sections -fdata-sections -fPIC -m64 -DCMAKE_HAVE_LIBC_PTHREAD   -o CMakeFiles/cmTC_a68e9.dir/src.c.o   -c /home/jonas/Desktop/AbyssEngine/example/target/debug/build/glfw-sys-dfcfc8d7566af82d/out/build/CMakeFiles/CMakeTmp/src.c
Linking C executable cmTC_a68e9
/usr/bin/cmake -E cmake_link_script CMakeFiles/cmTC_a68e9.dir/link.txt --verbose=1
/usr/bin/cc  -ffunction-sections -fdata-sections -fPIC -m64 -DCMAKE_HAVE_LIBC_PTHREAD    -rdynamic CMakeFiles/cmTC_a68e9.dir/src.c.o  -o cmTC_a68e9 
/usr/bin/ld: CMakeFiles/cmTC_a68e9.dir/src.c.o: in function `main':
src.c:(.text.main+0x34): undefined reference to `pthread_create'
/usr/bin/ld: src.c:(.text.main+0x40): undefined reference to `pthread_detach'
/usr/bin/ld: src.c:(.text.main+0x51): undefined reference to `pthread_join'
collect2: error: ld returned 1 exit status
make[1]: *** [CMakeFiles/cmTC_a68e9.dir/build.make:87: cmTC_a68e9] Error 1
make[1]: Leaving directory '/home/jonas/Desktop/AbyssEngine/example/target/debug/build/glfw-sys-dfcfc8d7566af82d/out/build/CMakeFiles/CMakeTmp'
make: *** [Makefile:121: cmTC_a68e9/fast] Error 2


Source file was:
#include <pthread.h>

void* test_func(void* data)
{
  return data;
}

int main(void)
{
  pthread_t thread;
  pthread_create(&thread, NULL, test_func, NULL);
  pthread_detach(thread);
  pthread_join(thread, NULL);
  pthread_atfork(NULL, NULL, NULL);
  pthread_exit(NULL);

  return 0;
}

Determining if the function pthread_create exists in the pthreads failed with the following output:
Change Dir: /home/jonas/Desktop/AbyssEngine/example/target/debug/build/glfw-sys-dfcfc8d7566af82d/out/build/CMakeFiles/CMakeTmp

Run Build Command(s):/usr/bin/make cmTC_9f2bc/fast && /usr/bin/make -f CMakeFiles/cmTC_9f2bc.dir/build.make CMakeFiles/cmTC_9f2bc.dir/build
make[1]: Entering directory '/home/jonas/Desktop/AbyssEngine/example/target/debug/build/glfw-sys-dfcfc8d7566af82d/out/build/CMakeFiles/CMakeTmp'
Building C object CMakeFiles/cmTC_9f2bc.dir/CheckFunctionExists.c.o
/usr/bin/cc   -ffunction-sections -fdata-sections -fPIC -m64 -DCHECK_FUNCTION_EXISTS=pthread_create   -o CMakeFiles/cmTC_9f2bc.dir/CheckFunctionExists.c.o   -c /usr/share/cmake-3.16/Modules/CheckFunctionExists.c
Linking C executable cmTC_9f2bc
/usr/bin/cmake -E cmake_link_script CMakeFiles/cmTC_9f2bc.dir/link.txt --verbose=1
/usr/bin/cc  -ffunction-sections -fdata-sections -fPIC -m64 -DCHECK_FUNCTION_EXISTS=pthread_create    -rdynamic CMakeFiles/cmTC_9f2bc.dir/CheckFunctionExists.c.o  -o cmTC_9f2bc  -lpthreads 
/usr/bin/ld: cannot find -lpthreads
collect2: error: ld returned 1 exit status
make[1]: *** [CMakeFiles/cmTC_9f2bc.dir/build.make:87: cmTC_9f2bc] Error 1
make[1]: Leaving directory '/home/jonas/Desktop/AbyssEngine/example/target/debug/build/glfw-sys-dfcfc8d7566af82d/out/build/CMakeFiles/CMakeTmp'
make: *** [Makefile:121: cmTC_9f2bc/fast] Error 2



